Copyright 1986-2020 Xilinx, Inc. All Rights Reserved.
-----------------------------------------------------------------------------------------------------------------------------------------
| Tool Version : Vivado v.2020.1 (win64) Build 2902540 Wed May 27 19:54:49 MDT 2020
| Date         : Tue Aug 22 13:16:13 2023
| Host         : chanon running 64-bit major release  (build 9200)
| Command      : report_methodology -file opt_report_methodology_0.rpt -pb opt_report_methodology_0.pb -rpx opt_report_methodology_0.rpx
| Design       : mips_core
| Device       : xc7z020clg484-1
| Speed File   : -1
| Design State : Synthesized
-----------------------------------------------------------------------------------------------------------------------------------------

Report Methodology

Table of Contents
-----------------
1. REPORT SUMMARY
2. REPORT DETAILS

1. REPORT SUMMARY
-----------------
            Netlist: netlist
          Floorplan: design_1
      Design limits: <entire design considered>
             Max violations: <unlimited>
             Violations found: 207
+-----------+----------+-------------------------------+------------+
| Rule      | Severity | Description                   | Violations |
+-----------+----------+-------------------------------+------------+
| LUTAR-1   | Warning  | LUT drives async reset alert  | 3          |
| SYNTH-10  | Warning  | Wide multiplier               | 3          |
| TIMING-18 | Warning  | Missing input or output delay | 125        |
| TIMING-20 | Warning  | Non-clocked latch             | 76         |
+-----------+----------+-------------------------------+------------+

2. REPORT DETAILS
-----------------
LUTAR-1#1 Warning
LUT drives async reset alert  
LUT cell ctrlMIPS/ALUSrc_reg_i_3, with 2 or more inputs, drives asynchronous preset/clear pin(s) ctrlMIPS/ALUSrc_reg/CLR. The LUT may glitch and trigger an unexpected reset, even if it is a properly timed path.
Related violations: <none>

LUTAR-1#2 Warning
LUT drives async reset alert  
LUT cell ctrlMIPS/MemWrite_reg_i_3, with 2 or more inputs, drives asynchronous preset/clear pin(s) ctrlMIPS/MemWrite_reg/CLR, ctrlMIPS/RegWrite_reg/PRE. The LUT may glitch and trigger an unexpected reset, even if it is a properly timed path.
Related violations: <none>

LUTAR-1#3 Warning
LUT drives async reset alert  
LUT cell ctrlMIPS/MemtoReg_reg_i_2, with 2 or more inputs, drives asynchronous preset/clear pin(s) ctrlMIPS/MemtoReg_reg/CLR. The LUT may glitch and trigger an unexpected reset, even if it is a properly timed path.
Related violations: <none>

SYNTH-10#1 Warning
Wide multiplier  
Detected multiplier at mipsAlu_32/D0 of size 15x18, it is decomposed from a wide multipler into 4 DSP blocks.
Related violations: <none>

SYNTH-10#2 Warning
Wide multiplier  
Detected multiplier at mipsAlu_32/D0__0 of size 18x18, it is decomposed from a wide multipler into 4 DSP blocks.
Related violations: <none>

SYNTH-10#3 Warning
Wide multiplier  
Detected multiplier at mipsAlu_32/D0__1 of size 18x15, it is decomposed from a wide multipler into 4 DSP blocks.
Related violations: <none>

TIMING-18#1 Warning
Missing input or output delay  
An input delay is missing on inst[0] relative to clock(s) SysClk
Related violations: <none>

TIMING-18#2 Warning
Missing input or output delay  
An input delay is missing on inst[10] relative to clock(s) SysClk
Related violations: <none>

TIMING-18#3 Warning
Missing input or output delay  
An input delay is missing on inst[11] relative to clock(s) SysClk
Related violations: <none>

TIMING-18#4 Warning
Missing input or output delay  
An input delay is missing on inst[12] relative to clock(s) SysClk
Related violations: <none>

TIMING-18#5 Warning
Missing input or output delay  
An input delay is missing on inst[13] relative to clock(s) SysClk
Related violations: <none>

TIMING-18#6 Warning
Missing input or output delay  
An input delay is missing on inst[14] relative to clock(s) SysClk
Related violations: <none>

TIMING-18#7 Warning
Missing input or output delay  
An input delay is missing on inst[15] relative to clock(s) SysClk
Related violations: <none>

TIMING-18#8 Warning
Missing input or output delay  
An input delay is missing on inst[16] relative to clock(s) SysClk
Related violations: <none>

TIMING-18#9 Warning
Missing input or output delay  
An input delay is missing on inst[17] relative to clock(s) SysClk
Related violations: <none>

TIMING-18#10 Warning
Missing input or output delay  
An input delay is missing on inst[18] relative to clock(s) SysClk
Related violations: <none>

TIMING-18#11 Warning
Missing input or output delay  
An input delay is missing on inst[19] relative to clock(s) SysClk
Related violations: <none>

TIMING-18#12 Warning
Missing input or output delay  
An input delay is missing on inst[1] relative to clock(s) SysClk
Related violations: <none>

TIMING-18#13 Warning
Missing input or output delay  
An input delay is missing on inst[20] relative to clock(s) SysClk
Related violations: <none>

TIMING-18#14 Warning
Missing input or output delay  
An input delay is missing on inst[21] relative to clock(s) SysClk
Related violations: <none>

TIMING-18#15 Warning
Missing input or output delay  
An input delay is missing on inst[22] relative to clock(s) SysClk
Related violations: <none>

TIMING-18#16 Warning
Missing input or output delay  
An input delay is missing on inst[23] relative to clock(s) SysClk
Related violations: <none>

TIMING-18#17 Warning
Missing input or output delay  
An input delay is missing on inst[24] relative to clock(s) SysClk
Related violations: <none>

TIMING-18#18 Warning
Missing input or output delay  
An input delay is missing on inst[25] relative to clock(s) SysClk
Related violations: <none>

TIMING-18#19 Warning
Missing input or output delay  
An input delay is missing on inst[26] relative to clock(s) SysClk
Related violations: <none>

TIMING-18#20 Warning
Missing input or output delay  
An input delay is missing on inst[27] relative to clock(s) SysClk
Related violations: <none>

TIMING-18#21 Warning
Missing input or output delay  
An input delay is missing on inst[28] relative to clock(s) SysClk
Related violations: <none>

TIMING-18#22 Warning
Missing input or output delay  
An input delay is missing on inst[29] relative to clock(s) SysClk
Related violations: <none>

TIMING-18#23 Warning
Missing input or output delay  
An input delay is missing on inst[2] relative to clock(s) SysClk
Related violations: <none>

TIMING-18#24 Warning
Missing input or output delay  
An input delay is missing on inst[30] relative to clock(s) SysClk
Related violations: <none>

TIMING-18#25 Warning
Missing input or output delay  
An input delay is missing on inst[31] relative to clock(s) SysClk
Related violations: <none>

TIMING-18#26 Warning
Missing input or output delay  
An input delay is missing on inst[3] relative to clock(s) SysClk
Related violations: <none>

TIMING-18#27 Warning
Missing input or output delay  
An input delay is missing on inst[4] relative to clock(s) SysClk
Related violations: <none>

TIMING-18#28 Warning
Missing input or output delay  
An input delay is missing on inst[5] relative to clock(s) SysClk
Related violations: <none>

TIMING-18#29 Warning
Missing input or output delay  
An input delay is missing on inst[6] relative to clock(s) SysClk
Related violations: <none>

TIMING-18#30 Warning
Missing input or output delay  
An input delay is missing on inst[7] relative to clock(s) SysClk
Related violations: <none>

TIMING-18#31 Warning
Missing input or output delay  
An input delay is missing on inst[8] relative to clock(s) SysClk
Related violations: <none>

TIMING-18#32 Warning
Missing input or output delay  
An input delay is missing on inst[9] relative to clock(s) SysClk
Related violations: <none>

TIMING-18#33 Warning
Missing input or output delay  
An input delay is missing on mem_data_out[0] relative to clock(s) SysClk
Related violations: <none>

TIMING-18#34 Warning
Missing input or output delay  
An input delay is missing on mem_data_out[10] relative to clock(s) SysClk
Related violations: <none>

TIMING-18#35 Warning
Missing input or output delay  
An input delay is missing on mem_data_out[11] relative to clock(s) SysClk
Related violations: <none>

TIMING-18#36 Warning
Missing input or output delay  
An input delay is missing on mem_data_out[12] relative to clock(s) SysClk
Related violations: <none>

TIMING-18#37 Warning
Missing input or output delay  
An input delay is missing on mem_data_out[13] relative to clock(s) SysClk
Related violations: <none>

TIMING-18#38 Warning
Missing input or output delay  
An input delay is missing on mem_data_out[14] relative to clock(s) SysClk
Related violations: <none>

TIMING-18#39 Warning
Missing input or output delay  
An input delay is missing on mem_data_out[15] relative to clock(s) SysClk
Related violations: <none>

TIMING-18#40 Warning
Missing input or output delay  
An input delay is missing on mem_data_out[16] relative to clock(s) SysClk
Related violations: <none>

TIMING-18#41 Warning
Missing input or output delay  
An input delay is missing on mem_data_out[17] relative to clock(s) SysClk
Related violations: <none>

TIMING-18#42 Warning
Missing input or output delay  
An input delay is missing on mem_data_out[18] relative to clock(s) SysClk
Related violations: <none>

TIMING-18#43 Warning
Missing input or output delay  
An input delay is missing on mem_data_out[19] relative to clock(s) SysClk
Related violations: <none>

TIMING-18#44 Warning
Missing input or output delay  
An input delay is missing on mem_data_out[1] relative to clock(s) SysClk
Related violations: <none>

TIMING-18#45 Warning
Missing input or output delay  
An input delay is missing on mem_data_out[20] relative to clock(s) SysClk
Related violations: <none>

TIMING-18#46 Warning
Missing input or output delay  
An input delay is missing on mem_data_out[21] relative to clock(s) SysClk
Related violations: <none>

TIMING-18#47 Warning
Missing input or output delay  
An input delay is missing on mem_data_out[22] relative to clock(s) SysClk
Related violations: <none>

TIMING-18#48 Warning
Missing input or output delay  
An input delay is missing on mem_data_out[23] relative to clock(s) SysClk
Related violations: <none>

TIMING-18#49 Warning
Missing input or output delay  
An input delay is missing on mem_data_out[24] relative to clock(s) SysClk
Related violations: <none>

TIMING-18#50 Warning
Missing input or output delay  
An input delay is missing on mem_data_out[25] relative to clock(s) SysClk
Related violations: <none>

TIMING-18#51 Warning
Missing input or output delay  
An input delay is missing on mem_data_out[26] relative to clock(s) SysClk
Related violations: <none>

TIMING-18#52 Warning
Missing input or output delay  
An input delay is missing on mem_data_out[27] relative to clock(s) SysClk
Related violations: <none>

TIMING-18#53 Warning
Missing input or output delay  
An input delay is missing on mem_data_out[28] relative to clock(s) SysClk
Related violations: <none>

TIMING-18#54 Warning
Missing input or output delay  
An input delay is missing on mem_data_out[29] relative to clock(s) SysClk
Related violations: <none>

TIMING-18#55 Warning
Missing input or output delay  
An input delay is missing on mem_data_out[2] relative to clock(s) SysClk
Related violations: <none>

TIMING-18#56 Warning
Missing input or output delay  
An input delay is missing on mem_data_out[30] relative to clock(s) SysClk
Related violations: <none>

TIMING-18#57 Warning
Missing input or output delay  
An input delay is missing on mem_data_out[31] relative to clock(s) SysClk
Related violations: <none>

TIMING-18#58 Warning
Missing input or output delay  
An input delay is missing on mem_data_out[3] relative to clock(s) SysClk
Related violations: <none>

TIMING-18#59 Warning
Missing input or output delay  
An input delay is missing on mem_data_out[4] relative to clock(s) SysClk
Related violations: <none>

TIMING-18#60 Warning
Missing input or output delay  
An input delay is missing on mem_data_out[5] relative to clock(s) SysClk
Related violations: <none>

TIMING-18#61 Warning
Missing input or output delay  
An input delay is missing on mem_data_out[6] relative to clock(s) SysClk
Related violations: <none>

TIMING-18#62 Warning
Missing input or output delay  
An input delay is missing on mem_data_out[7] relative to clock(s) SysClk
Related violations: <none>

TIMING-18#63 Warning
Missing input or output delay  
An input delay is missing on mem_data_out[8] relative to clock(s) SysClk
Related violations: <none>

TIMING-18#64 Warning
Missing input or output delay  
An input delay is missing on mem_data_out[9] relative to clock(s) SysClk
Related violations: <none>

TIMING-18#65 Warning
Missing input or output delay  
An input delay is missing on rst_b relative to clock(s) SysClk
Related violations: <none>

TIMING-18#66 Warning
Missing input or output delay  
An output delay is missing on inst_addr[0] relative to clock(s) SysClk
Related violations: <none>

TIMING-18#67 Warning
Missing input or output delay  
An output delay is missing on inst_addr[10] relative to clock(s) SysClk
Related violations: <none>

TIMING-18#68 Warning
Missing input or output delay  
An output delay is missing on inst_addr[11] relative to clock(s) SysClk
Related violations: <none>

TIMING-18#69 Warning
Missing input or output delay  
An output delay is missing on inst_addr[12] relative to clock(s) SysClk
Related violations: <none>

TIMING-18#70 Warning
Missing input or output delay  
An output delay is missing on inst_addr[13] relative to clock(s) SysClk
Related violations: <none>

TIMING-18#71 Warning
Missing input or output delay  
An output delay is missing on inst_addr[14] relative to clock(s) SysClk
Related violations: <none>

TIMING-18#72 Warning
Missing input or output delay  
An output delay is missing on inst_addr[15] relative to clock(s) SysClk
Related violations: <none>

TIMING-18#73 Warning
Missing input or output delay  
An output delay is missing on inst_addr[16] relative to clock(s) SysClk
Related violations: <none>

TIMING-18#74 Warning
Missing input or output delay  
An output delay is missing on inst_addr[17] relative to clock(s) SysClk
Related violations: <none>

TIMING-18#75 Warning
Missing input or output delay  
An output delay is missing on inst_addr[18] relative to clock(s) SysClk
Related violations: <none>

TIMING-18#76 Warning
Missing input or output delay  
An output delay is missing on inst_addr[19] relative to clock(s) SysClk
Related violations: <none>

TIMING-18#77 Warning
Missing input or output delay  
An output delay is missing on inst_addr[1] relative to clock(s) SysClk
Related violations: <none>

TIMING-18#78 Warning
Missing input or output delay  
An output delay is missing on inst_addr[20] relative to clock(s) SysClk
Related violations: <none>

TIMING-18#79 Warning
Missing input or output delay  
An output delay is missing on inst_addr[21] relative to clock(s) SysClk
Related violations: <none>

TIMING-18#80 Warning
Missing input or output delay  
An output delay is missing on inst_addr[22] relative to clock(s) SysClk
Related violations: <none>

TIMING-18#81 Warning
Missing input or output delay  
An output delay is missing on inst_addr[23] relative to clock(s) SysClk
Related violations: <none>

TIMING-18#82 Warning
Missing input or output delay  
An output delay is missing on inst_addr[24] relative to clock(s) SysClk
Related violations: <none>

TIMING-18#83 Warning
Missing input or output delay  
An output delay is missing on inst_addr[25] relative to clock(s) SysClk
Related violations: <none>

TIMING-18#84 Warning
Missing input or output delay  
An output delay is missing on inst_addr[26] relative to clock(s) SysClk
Related violations: <none>

TIMING-18#85 Warning
Missing input or output delay  
An output delay is missing on inst_addr[27] relative to clock(s) SysClk
Related violations: <none>

TIMING-18#86 Warning
Missing input or output delay  
An output delay is missing on inst_addr[28] relative to clock(s) SysClk
Related violations: <none>

TIMING-18#87 Warning
Missing input or output delay  
An output delay is missing on inst_addr[29] relative to clock(s) SysClk
Related violations: <none>

TIMING-18#88 Warning
Missing input or output delay  
An output delay is missing on inst_addr[2] relative to clock(s) SysClk
Related violations: <none>

TIMING-18#89 Warning
Missing input or output delay  
An output delay is missing on inst_addr[3] relative to clock(s) SysClk
Related violations: <none>

TIMING-18#90 Warning
Missing input or output delay  
An output delay is missing on inst_addr[4] relative to clock(s) SysClk
Related violations: <none>

TIMING-18#91 Warning
Missing input or output delay  
An output delay is missing on inst_addr[5] relative to clock(s) SysClk
Related violations: <none>

TIMING-18#92 Warning
Missing input or output delay  
An output delay is missing on inst_addr[6] relative to clock(s) SysClk
Related violations: <none>

TIMING-18#93 Warning
Missing input or output delay  
An output delay is missing on inst_addr[7] relative to clock(s) SysClk
Related violations: <none>

TIMING-18#94 Warning
Missing input or output delay  
An output delay is missing on inst_addr[8] relative to clock(s) SysClk
Related violations: <none>

TIMING-18#95 Warning
Missing input or output delay  
An output delay is missing on inst_addr[9] relative to clock(s) SysClk
Related violations: <none>

TIMING-18#96 Warning
Missing input or output delay  
An output delay is missing on mem_addr[0] relative to clock(s) SysClk
Related violations: <none>

TIMING-18#97 Warning
Missing input or output delay  
An output delay is missing on mem_addr[10] relative to clock(s) SysClk
Related violations: <none>

TIMING-18#98 Warning
Missing input or output delay  
An output delay is missing on mem_addr[11] relative to clock(s) SysClk
Related violations: <none>

TIMING-18#99 Warning
Missing input or output delay  
An output delay is missing on mem_addr[12] relative to clock(s) SysClk
Related violations: <none>

TIMING-18#100 Warning
Missing input or output delay  
An output delay is missing on mem_addr[13] relative to clock(s) SysClk
Related violations: <none>

TIMING-18#101 Warning
Missing input or output delay  
An output delay is missing on mem_addr[14] relative to clock(s) SysClk
Related violations: <none>

TIMING-18#102 Warning
Missing input or output delay  
An output delay is missing on mem_addr[15] relative to clock(s) SysClk
Related violations: <none>

TIMING-18#103 Warning
Missing input or output delay  
An output delay is missing on mem_addr[16] relative to clock(s) SysClk
Related violations: <none>

TIMING-18#104 Warning
Missing input or output delay  
An output delay is missing on mem_addr[17] relative to clock(s) SysClk
Related violations: <none>

TIMING-18#105 Warning
Missing input or output delay  
An output delay is missing on mem_addr[18] relative to clock(s) SysClk
Related violations: <none>

TIMING-18#106 Warning
Missing input or output delay  
An output delay is missing on mem_addr[19] relative to clock(s) SysClk
Related violations: <none>

TIMING-18#107 Warning
Missing input or output delay  
An output delay is missing on mem_addr[1] relative to clock(s) SysClk
Related violations: <none>

TIMING-18#108 Warning
Missing input or output delay  
An output delay is missing on mem_addr[20] relative to clock(s) SysClk
Related violations: <none>

TIMING-18#109 Warning
Missing input or output delay  
An output delay is missing on mem_addr[21] relative to clock(s) SysClk
Related violations: <none>

TIMING-18#110 Warning
Missing input or output delay  
An output delay is missing on mem_addr[22] relative to clock(s) SysClk
Related violations: <none>

TIMING-18#111 Warning
Missing input or output delay  
An output delay is missing on mem_addr[23] relative to clock(s) SysClk
Related violations: <none>

TIMING-18#112 Warning
Missing input or output delay  
An output delay is missing on mem_addr[24] relative to clock(s) SysClk
Related violations: <none>

TIMING-18#113 Warning
Missing input or output delay  
An output delay is missing on mem_addr[25] relative to clock(s) SysClk
Related violations: <none>

TIMING-18#114 Warning
Missing input or output delay  
An output delay is missing on mem_addr[26] relative to clock(s) SysClk
Related violations: <none>

TIMING-18#115 Warning
Missing input or output delay  
An output delay is missing on mem_addr[27] relative to clock(s) SysClk
Related violations: <none>

TIMING-18#116 Warning
Missing input or output delay  
An output delay is missing on mem_addr[28] relative to clock(s) SysClk
Related violations: <none>

TIMING-18#117 Warning
Missing input or output delay  
An output delay is missing on mem_addr[29] relative to clock(s) SysClk
Related violations: <none>

TIMING-18#118 Warning
Missing input or output delay  
An output delay is missing on mem_addr[2] relative to clock(s) SysClk
Related violations: <none>

TIMING-18#119 Warning
Missing input or output delay  
An output delay is missing on mem_addr[3] relative to clock(s) SysClk
Related violations: <none>

TIMING-18#120 Warning
Missing input or output delay  
An output delay is missing on mem_addr[4] relative to clock(s) SysClk
Related violations: <none>

TIMING-18#121 Warning
Missing input or output delay  
An output delay is missing on mem_addr[5] relative to clock(s) SysClk
Related violations: <none>

TIMING-18#122 Warning
Missing input or output delay  
An output delay is missing on mem_addr[6] relative to clock(s) SysClk
Related violations: <none>

TIMING-18#123 Warning
Missing input or output delay  
An output delay is missing on mem_addr[7] relative to clock(s) SysClk
Related violations: <none>

TIMING-18#124 Warning
Missing input or output delay  
An output delay is missing on mem_addr[8] relative to clock(s) SysClk
Related violations: <none>

TIMING-18#125 Warning
Missing input or output delay  
An output delay is missing on mem_addr[9] relative to clock(s) SysClk
Related violations: <none>

TIMING-20#1 Warning
Non-clocked latch  
The latch ctrlMIPS/ALR_reg cannot be properly analyzed as its control pin ctrlMIPS/ALR_reg/G is not reached by a timing clock
Related violations: <none>

TIMING-20#2 Warning
Non-clocked latch  
The latch ctrlMIPS/ALUSrc_reg cannot be properly analyzed as its control pin ctrlMIPS/ALUSrc_reg/G is not reached by a timing clock
Related violations: <none>

TIMING-20#3 Warning
Non-clocked latch  
The latch ctrlMIPS/ALUop_reg[0] cannot be properly analyzed as its control pin ctrlMIPS/ALUop_reg[0]/G is not reached by a timing clock
Related violations: <none>

TIMING-20#4 Warning
Non-clocked latch  
The latch ctrlMIPS/ALUop_reg[1] cannot be properly analyzed as its control pin ctrlMIPS/ALUop_reg[1]/G is not reached by a timing clock
Related violations: <none>

TIMING-20#5 Warning
Non-clocked latch  
The latch ctrlMIPS/AndLink_reg cannot be properly analyzed as its control pin ctrlMIPS/AndLink_reg/G is not reached by a timing clock
Related violations: <none>

TIMING-20#6 Warning
Non-clocked latch  
The latch ctrlMIPS/MemWrite_reg cannot be properly analyzed as its control pin ctrlMIPS/MemWrite_reg/G is not reached by a timing clock
Related violations: <none>

TIMING-20#7 Warning
Non-clocked latch  
The latch ctrlMIPS/MemtoReg_reg cannot be properly analyzed as its control pin ctrlMIPS/MemtoReg_reg/G is not reached by a timing clock
Related violations: <none>

TIMING-20#8 Warning
Non-clocked latch  
The latch ctrlMIPS/RegDst_reg/L7 (in ctrlMIPS/RegDst_reg macro) cannot be properly analyzed as its control pin ctrlMIPS/RegDst_reg/L7/G is not reached by a timing clock
Related violations: <none>

TIMING-20#9 Warning
Non-clocked latch  
The latch ctrlMIPS/RegWrite_reg cannot be properly analyzed as its control pin ctrlMIPS/RegWrite_reg/G is not reached by a timing clock
Related violations: <none>

TIMING-20#10 Warning
Non-clocked latch  
The latch ctrlMIPS/SpecialMemOp_reg[0] cannot be properly analyzed as its control pin ctrlMIPS/SpecialMemOp_reg[0]/G is not reached by a timing clock
Related violations: <none>

TIMING-20#11 Warning
Non-clocked latch  
The latch ctrlMIPS/SpecialMemOp_reg[1] cannot be properly analyzed as its control pin ctrlMIPS/SpecialMemOp_reg[1]/G is not reached by a timing clock
Related violations: <none>

TIMING-20#12 Warning
Non-clocked latch  
The latch ctrlMIPS/SpecialMemOp_reg[2] cannot be properly analyzed as its control pin ctrlMIPS/SpecialMemOp_reg[2]/G is not reached by a timing clock
Related violations: <none>

TIMING-20#13 Warning
Non-clocked latch  
The latch memMIPS/write_data_to_mem_reg[0] cannot be properly analyzed as its control pin memMIPS/write_data_to_mem_reg[0]/G is not reached by a timing clock
Related violations: <none>

TIMING-20#14 Warning
Non-clocked latch  
The latch memMIPS/write_data_to_mem_reg[10] cannot be properly analyzed as its control pin memMIPS/write_data_to_mem_reg[10]/G is not reached by a timing clock
Related violations: <none>

TIMING-20#15 Warning
Non-clocked latch  
The latch memMIPS/write_data_to_mem_reg[11] cannot be properly analyzed as its control pin memMIPS/write_data_to_mem_reg[11]/G is not reached by a timing clock
Related violations: <none>

TIMING-20#16 Warning
Non-clocked latch  
The latch memMIPS/write_data_to_mem_reg[12] cannot be properly analyzed as its control pin memMIPS/write_data_to_mem_reg[12]/G is not reached by a timing clock
Related violations: <none>

TIMING-20#17 Warning
Non-clocked latch  
The latch memMIPS/write_data_to_mem_reg[13] cannot be properly analyzed as its control pin memMIPS/write_data_to_mem_reg[13]/G is not reached by a timing clock
Related violations: <none>

TIMING-20#18 Warning
Non-clocked latch  
The latch memMIPS/write_data_to_mem_reg[14] cannot be properly analyzed as its control pin memMIPS/write_data_to_mem_reg[14]/G is not reached by a timing clock
Related violations: <none>

TIMING-20#19 Warning
Non-clocked latch  
The latch memMIPS/write_data_to_mem_reg[15] cannot be properly analyzed as its control pin memMIPS/write_data_to_mem_reg[15]/G is not reached by a timing clock
Related violations: <none>

TIMING-20#20 Warning
Non-clocked latch  
The latch memMIPS/write_data_to_mem_reg[16] cannot be properly analyzed as its control pin memMIPS/write_data_to_mem_reg[16]/G is not reached by a timing clock
Related violations: <none>

TIMING-20#21 Warning
Non-clocked latch  
The latch memMIPS/write_data_to_mem_reg[17] cannot be properly analyzed as its control pin memMIPS/write_data_to_mem_reg[17]/G is not reached by a timing clock
Related violations: <none>

TIMING-20#22 Warning
Non-clocked latch  
The latch memMIPS/write_data_to_mem_reg[18] cannot be properly analyzed as its control pin memMIPS/write_data_to_mem_reg[18]/G is not reached by a timing clock
Related violations: <none>

TIMING-20#23 Warning
Non-clocked latch  
The latch memMIPS/write_data_to_mem_reg[19] cannot be properly analyzed as its control pin memMIPS/write_data_to_mem_reg[19]/G is not reached by a timing clock
Related violations: <none>

TIMING-20#24 Warning
Non-clocked latch  
The latch memMIPS/write_data_to_mem_reg[1] cannot be properly analyzed as its control pin memMIPS/write_data_to_mem_reg[1]/G is not reached by a timing clock
Related violations: <none>

TIMING-20#25 Warning
Non-clocked latch  
The latch memMIPS/write_data_to_mem_reg[20] cannot be properly analyzed as its control pin memMIPS/write_data_to_mem_reg[20]/G is not reached by a timing clock
Related violations: <none>

TIMING-20#26 Warning
Non-clocked latch  
The latch memMIPS/write_data_to_mem_reg[21] cannot be properly analyzed as its control pin memMIPS/write_data_to_mem_reg[21]/G is not reached by a timing clock
Related violations: <none>

TIMING-20#27 Warning
Non-clocked latch  
The latch memMIPS/write_data_to_mem_reg[22] cannot be properly analyzed as its control pin memMIPS/write_data_to_mem_reg[22]/G is not reached by a timing clock
Related violations: <none>

TIMING-20#28 Warning
Non-clocked latch  
The latch memMIPS/write_data_to_mem_reg[23] cannot be properly analyzed as its control pin memMIPS/write_data_to_mem_reg[23]/G is not reached by a timing clock
Related violations: <none>

TIMING-20#29 Warning
Non-clocked latch  
The latch memMIPS/write_data_to_mem_reg[24] cannot be properly analyzed as its control pin memMIPS/write_data_to_mem_reg[24]/G is not reached by a timing clock
Related violations: <none>

TIMING-20#30 Warning
Non-clocked latch  
The latch memMIPS/write_data_to_mem_reg[25] cannot be properly analyzed as its control pin memMIPS/write_data_to_mem_reg[25]/G is not reached by a timing clock
Related violations: <none>

TIMING-20#31 Warning
Non-clocked latch  
The latch memMIPS/write_data_to_mem_reg[26] cannot be properly analyzed as its control pin memMIPS/write_data_to_mem_reg[26]/G is not reached by a timing clock
Related violations: <none>

TIMING-20#32 Warning
Non-clocked latch  
The latch memMIPS/write_data_to_mem_reg[27] cannot be properly analyzed as its control pin memMIPS/write_data_to_mem_reg[27]/G is not reached by a timing clock
Related violations: <none>

TIMING-20#33 Warning
Non-clocked latch  
The latch memMIPS/write_data_to_mem_reg[28] cannot be properly analyzed as its control pin memMIPS/write_data_to_mem_reg[28]/G is not reached by a timing clock
Related violations: <none>

TIMING-20#34 Warning
Non-clocked latch  
The latch memMIPS/write_data_to_mem_reg[29] cannot be properly analyzed as its control pin memMIPS/write_data_to_mem_reg[29]/G is not reached by a timing clock
Related violations: <none>

TIMING-20#35 Warning
Non-clocked latch  
The latch memMIPS/write_data_to_mem_reg[2] cannot be properly analyzed as its control pin memMIPS/write_data_to_mem_reg[2]/G is not reached by a timing clock
Related violations: <none>

TIMING-20#36 Warning
Non-clocked latch  
The latch memMIPS/write_data_to_mem_reg[30] cannot be properly analyzed as its control pin memMIPS/write_data_to_mem_reg[30]/G is not reached by a timing clock
Related violations: <none>

TIMING-20#37 Warning
Non-clocked latch  
The latch memMIPS/write_data_to_mem_reg[31] cannot be properly analyzed as its control pin memMIPS/write_data_to_mem_reg[31]/G is not reached by a timing clock
Related violations: <none>

TIMING-20#38 Warning
Non-clocked latch  
The latch memMIPS/write_data_to_mem_reg[3] cannot be properly analyzed as its control pin memMIPS/write_data_to_mem_reg[3]/G is not reached by a timing clock
Related violations: <none>

TIMING-20#39 Warning
Non-clocked latch  
The latch memMIPS/write_data_to_mem_reg[4] cannot be properly analyzed as its control pin memMIPS/write_data_to_mem_reg[4]/G is not reached by a timing clock
Related violations: <none>

TIMING-20#40 Warning
Non-clocked latch  
The latch memMIPS/write_data_to_mem_reg[5] cannot be properly analyzed as its control pin memMIPS/write_data_to_mem_reg[5]/G is not reached by a timing clock
Related violations: <none>

TIMING-20#41 Warning
Non-clocked latch  
The latch memMIPS/write_data_to_mem_reg[6] cannot be properly analyzed as its control pin memMIPS/write_data_to_mem_reg[6]/G is not reached by a timing clock
Related violations: <none>

TIMING-20#42 Warning
Non-clocked latch  
The latch memMIPS/write_data_to_mem_reg[7] cannot be properly analyzed as its control pin memMIPS/write_data_to_mem_reg[7]/G is not reached by a timing clock
Related violations: <none>

TIMING-20#43 Warning
Non-clocked latch  
The latch memMIPS/write_data_to_mem_reg[8] cannot be properly analyzed as its control pin memMIPS/write_data_to_mem_reg[8]/G is not reached by a timing clock
Related violations: <none>

TIMING-20#44 Warning
Non-clocked latch  
The latch memMIPS/write_data_to_mem_reg[9] cannot be properly analyzed as its control pin memMIPS/write_data_to_mem_reg[9]/G is not reached by a timing clock
Related violations: <none>

TIMING-20#45 Warning
Non-clocked latch  
The latch mipsAlu_32/mult_temp_reg[0] cannot be properly analyzed as its control pin mipsAlu_32/mult_temp_reg[0]/G is not reached by a timing clock
Related violations: <none>

TIMING-20#46 Warning
Non-clocked latch  
The latch mipsAlu_32/mult_temp_reg[10] cannot be properly analyzed as its control pin mipsAlu_32/mult_temp_reg[10]/G is not reached by a timing clock
Related violations: <none>

TIMING-20#47 Warning
Non-clocked latch  
The latch mipsAlu_32/mult_temp_reg[11] cannot be properly analyzed as its control pin mipsAlu_32/mult_temp_reg[11]/G is not reached by a timing clock
Related violations: <none>

TIMING-20#48 Warning
Non-clocked latch  
The latch mipsAlu_32/mult_temp_reg[12] cannot be properly analyzed as its control pin mipsAlu_32/mult_temp_reg[12]/G is not reached by a timing clock
Related violations: <none>

TIMING-20#49 Warning
Non-clocked latch  
The latch mipsAlu_32/mult_temp_reg[13] cannot be properly analyzed as its control pin mipsAlu_32/mult_temp_reg[13]/G is not reached by a timing clock
Related violations: <none>

TIMING-20#50 Warning
Non-clocked latch  
The latch mipsAlu_32/mult_temp_reg[14] cannot be properly analyzed as its control pin mipsAlu_32/mult_temp_reg[14]/G is not reached by a timing clock
Related violations: <none>

TIMING-20#51 Warning
Non-clocked latch  
The latch mipsAlu_32/mult_temp_reg[15] cannot be properly analyzed as its control pin mipsAlu_32/mult_temp_reg[15]/G is not reached by a timing clock
Related violations: <none>

TIMING-20#52 Warning
Non-clocked latch  
The latch mipsAlu_32/mult_temp_reg[16] cannot be properly analyzed as its control pin mipsAlu_32/mult_temp_reg[16]/G is not reached by a timing clock
Related violations: <none>

TIMING-20#53 Warning
Non-clocked latch  
The latch mipsAlu_32/mult_temp_reg[17] cannot be properly analyzed as its control pin mipsAlu_32/mult_temp_reg[17]/G is not reached by a timing clock
Related violations: <none>

TIMING-20#54 Warning
Non-clocked latch  
The latch mipsAlu_32/mult_temp_reg[18] cannot be properly analyzed as its control pin mipsAlu_32/mult_temp_reg[18]/G is not reached by a timing clock
Related violations: <none>

TIMING-20#55 Warning
Non-clocked latch  
The latch mipsAlu_32/mult_temp_reg[19] cannot be properly analyzed as its control pin mipsAlu_32/mult_temp_reg[19]/G is not reached by a timing clock
Related violations: <none>

TIMING-20#56 Warning
Non-clocked latch  
The latch mipsAlu_32/mult_temp_reg[1] cannot be properly analyzed as its control pin mipsAlu_32/mult_temp_reg[1]/G is not reached by a timing clock
Related violations: <none>

TIMING-20#57 Warning
Non-clocked latch  
The latch mipsAlu_32/mult_temp_reg[20] cannot be properly analyzed as its control pin mipsAlu_32/mult_temp_reg[20]/G is not reached by a timing clock
Related violations: <none>

TIMING-20#58 Warning
Non-clocked latch  
The latch mipsAlu_32/mult_temp_reg[21] cannot be properly analyzed as its control pin mipsAlu_32/mult_temp_reg[21]/G is not reached by a timing clock
Related violations: <none>

TIMING-20#59 Warning
Non-clocked latch  
The latch mipsAlu_32/mult_temp_reg[22] cannot be properly analyzed as its control pin mipsAlu_32/mult_temp_reg[22]/G is not reached by a timing clock
Related violations: <none>

TIMING-20#60 Warning
Non-clocked latch  
The latch mipsAlu_32/mult_temp_reg[23] cannot be properly analyzed as its control pin mipsAlu_32/mult_temp_reg[23]/G is not reached by a timing clock
Related violations: <none>

TIMING-20#61 Warning
Non-clocked latch  
The latch mipsAlu_32/mult_temp_reg[24] cannot be properly analyzed as its control pin mipsAlu_32/mult_temp_reg[24]/G is not reached by a timing clock
Related violations: <none>

TIMING-20#62 Warning
Non-clocked latch  
The latch mipsAlu_32/mult_temp_reg[25] cannot be properly analyzed as its control pin mipsAlu_32/mult_temp_reg[25]/G is not reached by a timing clock
Related violations: <none>

TIMING-20#63 Warning
Non-clocked latch  
The latch mipsAlu_32/mult_temp_reg[26] cannot be properly analyzed as its control pin mipsAlu_32/mult_temp_reg[26]/G is not reached by a timing clock
Related violations: <none>

TIMING-20#64 Warning
Non-clocked latch  
The latch mipsAlu_32/mult_temp_reg[27] cannot be properly analyzed as its control pin mipsAlu_32/mult_temp_reg[27]/G is not reached by a timing clock
Related violations: <none>

TIMING-20#65 Warning
Non-clocked latch  
The latch mipsAlu_32/mult_temp_reg[28] cannot be properly analyzed as its control pin mipsAlu_32/mult_temp_reg[28]/G is not reached by a timing clock
Related violations: <none>

TIMING-20#66 Warning
Non-clocked latch  
The latch mipsAlu_32/mult_temp_reg[29] cannot be properly analyzed as its control pin mipsAlu_32/mult_temp_reg[29]/G is not reached by a timing clock
Related violations: <none>

TIMING-20#67 Warning
Non-clocked latch  
The latch mipsAlu_32/mult_temp_reg[2] cannot be properly analyzed as its control pin mipsAlu_32/mult_temp_reg[2]/G is not reached by a timing clock
Related violations: <none>

TIMING-20#68 Warning
Non-clocked latch  
The latch mipsAlu_32/mult_temp_reg[30] cannot be properly analyzed as its control pin mipsAlu_32/mult_temp_reg[30]/G is not reached by a timing clock
Related violations: <none>

TIMING-20#69 Warning
Non-clocked latch  
The latch mipsAlu_32/mult_temp_reg[31] cannot be properly analyzed as its control pin mipsAlu_32/mult_temp_reg[31]/G is not reached by a timing clock
Related violations: <none>

TIMING-20#70 Warning
Non-clocked latch  
The latch mipsAlu_32/mult_temp_reg[3] cannot be properly analyzed as its control pin mipsAlu_32/mult_temp_reg[3]/G is not reached by a timing clock
Related violations: <none>

TIMING-20#71 Warning
Non-clocked latch  
The latch mipsAlu_32/mult_temp_reg[4] cannot be properly analyzed as its control pin mipsAlu_32/mult_temp_reg[4]/G is not reached by a timing clock
Related violations: <none>

TIMING-20#72 Warning
Non-clocked latch  
The latch mipsAlu_32/mult_temp_reg[5] cannot be properly analyzed as its control pin mipsAlu_32/mult_temp_reg[5]/G is not reached by a timing clock
Related violations: <none>

TIMING-20#73 Warning
Non-clocked latch  
The latch mipsAlu_32/mult_temp_reg[6] cannot be properly analyzed as its control pin mipsAlu_32/mult_temp_reg[6]/G is not reached by a timing clock
Related violations: <none>

TIMING-20#74 Warning
Non-clocked latch  
The latch mipsAlu_32/mult_temp_reg[7] cannot be properly analyzed as its control pin mipsAlu_32/mult_temp_reg[7]/G is not reached by a timing clock
Related violations: <none>

TIMING-20#75 Warning
Non-clocked latch  
The latch mipsAlu_32/mult_temp_reg[8] cannot be properly analyzed as its control pin mipsAlu_32/mult_temp_reg[8]/G is not reached by a timing clock
Related violations: <none>

TIMING-20#76 Warning
Non-clocked latch  
The latch mipsAlu_32/mult_temp_reg[9] cannot be properly analyzed as its control pin mipsAlu_32/mult_temp_reg[9]/G is not reached by a timing clock
Related violations: <none>


