Vivado Simulator 2020.1
Time resolution is 1 ps
Note: write to register[09] = 10000000h
Time: 25 ns  Iteration: 1  Process: /testbench/core/reg32/line__26  File: /home/chanon/comArchProj/MIPS-single-cycle-RTL-design/src/mips_register.vhd
Note: write to register[0D] = 00460000h
Time: 35 ns  Iteration: 1  Process: /testbench/core/reg32/line__26  File: /home/chanon/comArchProj/MIPS-single-cycle-RTL-design/src/mips_register.vhd
Note: write to register[0B] = 00460000h
Time: 55 ns  Iteration: 1  Process: /testbench/core/reg32/line__26  File: /home/chanon/comArchProj/MIPS-single-cycle-RTL-design/src/mips_register.vhd
Note: write to register[0D] = 00460000h
Time: 65 ns  Iteration: 1  Process: /testbench/core/reg32/line__26  File: /home/chanon/comArchProj/MIPS-single-cycle-RTL-design/src/mips_register.vhd
Note: write to register[0D] = 00460000h
Time: 75 ns  Iteration: 1  Process: /testbench/core/reg32/line__26  File: /home/chanon/comArchProj/MIPS-single-cycle-RTL-design/src/mips_register.vhd
Note: write to register[0D] = 00460000h
Time: 85 ns  Iteration: 1  Process: /testbench/core/reg32/line__26  File: /home/chanon/comArchProj/MIPS-single-cycle-RTL-design/src/mips_register.vhd
Note: write to register[0D] = 00460000h
Time: 95 ns  Iteration: 1  Process: /testbench/core/reg32/line__26  File: /home/chanon/comArchProj/MIPS-single-cycle-RTL-design/src/mips_register.vhd
Note: write to register[0D] = 00460000h
Time: 105 ns  Iteration: 1  Process: /testbench/core/reg32/line__26  File: /home/chanon/comArchProj/MIPS-single-cycle-RTL-design/src/mips_register.vhd
Note: write to register[0D] = 00460000h
Time: 115 ns  Iteration: 1  Process: /testbench/core/reg32/line__26  File: /home/chanon/comArchProj/MIPS-single-cycle-RTL-design/src/mips_register.vhd
Note: write to register[0D] = 00460000h
Time: 125 ns  Iteration: 1  Process: /testbench/core/reg32/line__26  File: /home/chanon/comArchProj/MIPS-single-cycle-RTL-design/src/mips_register.vhd
Note: write to register[0D] = 00460000h
Time: 135 ns  Iteration: 1  Process: /testbench/core/reg32/line__26  File: /home/chanon/comArchProj/MIPS-single-cycle-RTL-design/src/mips_register.vhd
Note: write to register[0D] = 00460000h
Time: 145 ns  Iteration: 1  Process: /testbench/core/reg32/line__26  File: /home/chanon/comArchProj/MIPS-single-cycle-RTL-design/src/mips_register.vhd
Note: write to register[0D] = 00460000h
Time: 155 ns  Iteration: 1  Process: /testbench/core/reg32/line__26  File: /home/chanon/comArchProj/MIPS-single-cycle-RTL-design/src/mips_register.vhd
Note: write to register[0D] = 00460000h
Time: 165 ns  Iteration: 1  Process: /testbench/core/reg32/line__26  File: /home/chanon/comArchProj/MIPS-single-cycle-RTL-design/src/mips_register.vhd
Note: write to register[0D] = 00460000h
Time: 175 ns  Iteration: 1  Process: /testbench/core/reg32/line__26  File: /home/chanon/comArchProj/MIPS-single-cycle-RTL-design/src/mips_register.vhd
Note: write to register[0D] = 00460000h
Time: 185 ns  Iteration: 1  Process: /testbench/core/reg32/line__26  File: /home/chanon/comArchProj/MIPS-single-cycle-RTL-design/src/mips_register.vhd
Note: write to register[0D] = 00460000h
Time: 195 ns  Iteration: 1  Process: /testbench/core/reg32/line__26  File: /home/chanon/comArchProj/MIPS-single-cycle-RTL-design/src/mips_register.vhd
Note: write to register[0D] = 00460000h
Time: 205 ns  Iteration: 1  Process: /testbench/core/reg32/line__26  File: /home/chanon/comArchProj/MIPS-single-cycle-RTL-design/src/mips_register.vhd
Note: write to register[0D] = 00460000h
Time: 215 ns  Iteration: 1  Process: /testbench/core/reg32/line__26  File: /home/chanon/comArchProj/MIPS-single-cycle-RTL-design/src/mips_register.vhd
Note: write to register[0D] = 00460000h
Time: 225 ns  Iteration: 1  Process: /testbench/core/reg32/line__26  File: /home/chanon/comArchProj/MIPS-single-cycle-RTL-design/src/mips_register.vhd
Note: write to register[0D] = 00460000h
Time: 235 ns  Iteration: 1  Process: /testbench/core/reg32/line__26  File: /home/chanon/comArchProj/MIPS-single-cycle-RTL-design/src/mips_register.vhd
Note: write to register[0D] = 00460000h
Time: 245 ns  Iteration: 1  Process: /testbench/core/reg32/line__26  File: /home/chanon/comArchProj/MIPS-single-cycle-RTL-design/src/mips_register.vhd
Note: write to register[0D] = 00460000h
Time: 255 ns  Iteration: 1  Process: /testbench/core/reg32/line__26  File: /home/chanon/comArchProj/MIPS-single-cycle-RTL-design/src/mips_register.vhd
Note: write to register[0D] = 00460000h
Time: 265 ns  Iteration: 1  Process: /testbench/core/reg32/line__26  File: /home/chanon/comArchProj/MIPS-single-cycle-RTL-design/src/mips_register.vhd
Note: write to register[0D] = 00460000h
Time: 275 ns  Iteration: 1  Process: /testbench/core/reg32/line__26  File: /home/chanon/comArchProj/MIPS-single-cycle-RTL-design/src/mips_register.vhd
Note: write to register[0D] = 00460000h
Time: 285 ns  Iteration: 1  Process: /testbench/core/reg32/line__26  File: /home/chanon/comArchProj/MIPS-single-cycle-RTL-design/src/mips_register.vhd
Note: write to register[0D] = 00460000h
Time: 295 ns  Iteration: 1  Process: /testbench/core/reg32/line__26  File: /home/chanon/comArchProj/MIPS-single-cycle-RTL-design/src/mips_register.vhd
Note: write to register[0D] = 00460000h
Time: 305 ns  Iteration: 1  Process: /testbench/core/reg32/line__26  File: /home/chanon/comArchProj/MIPS-single-cycle-RTL-design/src/mips_register.vhd
Note: write to register[0D] = 00460000h
Time: 315 ns  Iteration: 1  Process: /testbench/core/reg32/line__26  File: /home/chanon/comArchProj/MIPS-single-cycle-RTL-design/src/mips_register.vhd
Note: write to register[0D] = 00460000h
Time: 325 ns  Iteration: 1  Process: /testbench/core/reg32/line__26  File: /home/chanon/comArchProj/MIPS-single-cycle-RTL-design/src/mips_register.vhd
Note: write to register[0D] = 00460000h
Time: 335 ns  Iteration: 1  Process: /testbench/core/reg32/line__26  File: /home/chanon/comArchProj/MIPS-single-cycle-RTL-design/src/mips_register.vhd
Note: write to register[0D] = 00460000h
Time: 345 ns  Iteration: 1  Process: /testbench/core/reg32/line__26  File: /home/chanon/comArchProj/MIPS-single-cycle-RTL-design/src/mips_register.vhd
Note: write to register[0D] = 00460000h
Time: 355 ns  Iteration: 1  Process: /testbench/core/reg32/line__26  File: /home/chanon/comArchProj/MIPS-single-cycle-RTL-design/src/mips_register.vhd
Note: write to register[0D] = 00460000h
Time: 365 ns  Iteration: 1  Process: /testbench/core/reg32/line__26  File: /home/chanon/comArchProj/MIPS-single-cycle-RTL-design/src/mips_register.vhd
Note: write to register[0D] = 00460000h
Time: 375 ns  Iteration: 1  Process: /testbench/core/reg32/line__26  File: /home/chanon/comArchProj/MIPS-single-cycle-RTL-design/src/mips_register.vhd
Note: write to register[0D] = 00460000h
Time: 385 ns  Iteration: 1  Process: /testbench/core/reg32/line__26  File: /home/chanon/comArchProj/MIPS-single-cycle-RTL-design/src/mips_register.vhd
Note: write to register[0D] = 00460000h
Time: 395 ns  Iteration: 1  Process: /testbench/core/reg32/line__26  File: /home/chanon/comArchProj/MIPS-single-cycle-RTL-design/src/mips_register.vhd
Note: write to register[0D] = 00460000h
Time: 405 ns  Iteration: 1  Process: /testbench/core/reg32/line__26  File: /home/chanon/comArchProj/MIPS-single-cycle-RTL-design/src/mips_register.vhd
Note: write to register[0D] = 00460000h
Time: 415 ns  Iteration: 1  Process: /testbench/core/reg32/line__26  File: /home/chanon/comArchProj/MIPS-single-cycle-RTL-design/src/mips_register.vhd
Note: write to register[0D] = 00460000h
Time: 425 ns  Iteration: 1  Process: /testbench/core/reg32/line__26  File: /home/chanon/comArchProj/MIPS-single-cycle-RTL-design/src/mips_register.vhd
Note: write to register[0D] = 00460000h
Time: 435 ns  Iteration: 1  Process: /testbench/core/reg32/line__26  File: /home/chanon/comArchProj/MIPS-single-cycle-RTL-design/src/mips_register.vhd
Note: write to register[0D] = 00460000h
Time: 445 ns  Iteration: 1  Process: /testbench/core/reg32/line__26  File: /home/chanon/comArchProj/MIPS-single-cycle-RTL-design/src/mips_register.vhd
Note: write to register[0D] = 00460000h
Time: 455 ns  Iteration: 1  Process: /testbench/core/reg32/line__26  File: /home/chanon/comArchProj/MIPS-single-cycle-RTL-design/src/mips_register.vhd
Note: write to register[0D] = 00460000h
Time: 465 ns  Iteration: 1  Process: /testbench/core/reg32/line__26  File: /home/chanon/comArchProj/MIPS-single-cycle-RTL-design/src/mips_register.vhd
Note: write to register[0D] = 00460000h
Time: 475 ns  Iteration: 1  Process: /testbench/core/reg32/line__26  File: /home/chanon/comArchProj/MIPS-single-cycle-RTL-design/src/mips_register.vhd
Note: write to register[0D] = 00460000h
Time: 485 ns  Iteration: 1  Process: /testbench/core/reg32/line__26  File: /home/chanon/comArchProj/MIPS-single-cycle-RTL-design/src/mips_register.vhd
Note: write to register[0D] = 00460000h
Time: 495 ns  Iteration: 1  Process: /testbench/core/reg32/line__26  File: /home/chanon/comArchProj/MIPS-single-cycle-RTL-design/src/mips_register.vhd
Note: write to register[0D] = 00460000h
Time: 505 ns  Iteration: 1  Process: /testbench/core/reg32/line__26  File: /home/chanon/comArchProj/MIPS-single-cycle-RTL-design/src/mips_register.vhd
Note: write to register[0D] = 00460000h
Time: 515 ns  Iteration: 1  Process: /testbench/core/reg32/line__26  File: /home/chanon/comArchProj/MIPS-single-cycle-RTL-design/src/mips_register.vhd
Note: write to register[0D] = 00460000h
Time: 525 ns  Iteration: 1  Process: /testbench/core/reg32/line__26  File: /home/chanon/comArchProj/MIPS-single-cycle-RTL-design/src/mips_register.vhd
Note: write to register[0D] = 00460000h
Time: 535 ns  Iteration: 1  Process: /testbench/core/reg32/line__26  File: /home/chanon/comArchProj/MIPS-single-cycle-RTL-design/src/mips_register.vhd
Note: write to register[0D] = 00460000h
Time: 545 ns  Iteration: 1  Process: /testbench/core/reg32/line__26  File: /home/chanon/comArchProj/MIPS-single-cycle-RTL-design/src/mips_register.vhd
Note: write to register[0D] = 00460000h
Time: 555 ns  Iteration: 1  Process: /testbench/core/reg32/line__26  File: /home/chanon/comArchProj/MIPS-single-cycle-RTL-design/src/mips_register.vhd
Note: write to register[0D] = 00460000h
Time: 565 ns  Iteration: 1  Process: /testbench/core/reg32/line__26  File: /home/chanon/comArchProj/MIPS-single-cycle-RTL-design/src/mips_register.vhd
Note: write to register[0D] = 00460000h
Time: 575 ns  Iteration: 1  Process: /testbench/core/reg32/line__26  File: /home/chanon/comArchProj/MIPS-single-cycle-RTL-design/src/mips_register.vhd
Note: write to register[0D] = 00460000h
Time: 585 ns  Iteration: 1  Process: /testbench/core/reg32/line__26  File: /home/chanon/comArchProj/MIPS-single-cycle-RTL-design/src/mips_register.vhd
Note: write to register[0D] = 00460000h
Time: 595 ns  Iteration: 1  Process: /testbench/core/reg32/line__26  File: /home/chanon/comArchProj/MIPS-single-cycle-RTL-design/src/mips_register.vhd
Note: write to register[0D] = 00460000h
Time: 605 ns  Iteration: 1  Process: /testbench/core/reg32/line__26  File: /home/chanon/comArchProj/MIPS-single-cycle-RTL-design/src/mips_register.vhd
Note: write to register[0D] = 00460000h
Time: 615 ns  Iteration: 1  Process: /testbench/core/reg32/line__26  File: /home/chanon/comArchProj/MIPS-single-cycle-RTL-design/src/mips_register.vhd
Note: write to register[0D] = 00460000h
Time: 625 ns  Iteration: 1  Process: /testbench/core/reg32/line__26  File: /home/chanon/comArchProj/MIPS-single-cycle-RTL-design/src/mips_register.vhd
Note: write to register[0D] = 00460000h
Time: 635 ns  Iteration: 1  Process: /testbench/core/reg32/line__26  File: /home/chanon/comArchProj/MIPS-single-cycle-RTL-design/src/mips_register.vhd
Note: write to register[0D] = 00460000h
Time: 645 ns  Iteration: 1  Process: /testbench/core/reg32/line__26  File: /home/chanon/comArchProj/MIPS-single-cycle-RTL-design/src/mips_register.vhd
Note: write to register[0D] = 00460000h
Time: 655 ns  Iteration: 1  Process: /testbench/core/reg32/line__26  File: /home/chanon/comArchProj/MIPS-single-cycle-RTL-design/src/mips_register.vhd
Note: write to register[0D] = 00460000h
Time: 665 ns  Iteration: 1  Process: /testbench/core/reg32/line__26  File: /home/chanon/comArchProj/MIPS-single-cycle-RTL-design/src/mips_register.vhd
Note: write to register[0D] = 00460000h
Time: 675 ns  Iteration: 1  Process: /testbench/core/reg32/line__26  File: /home/chanon/comArchProj/MIPS-single-cycle-RTL-design/src/mips_register.vhd
Note: write to register[0D] = 00460000h
Time: 685 ns  Iteration: 1  Process: /testbench/core/reg32/line__26  File: /home/chanon/comArchProj/MIPS-single-cycle-RTL-design/src/mips_register.vhd
Note: write to register[0D] = 00460000h
Time: 695 ns  Iteration: 1  Process: /testbench/core/reg32/line__26  File: /home/chanon/comArchProj/MIPS-single-cycle-RTL-design/src/mips_register.vhd
Note: write to register[0D] = 00460000h
Time: 705 ns  Iteration: 1  Process: /testbench/core/reg32/line__26  File: /home/chanon/comArchProj/MIPS-single-cycle-RTL-design/src/mips_register.vhd
Note: write to register[0D] = 00460000h
Time: 715 ns  Iteration: 1  Process: /testbench/core/reg32/line__26  File: /home/chanon/comArchProj/MIPS-single-cycle-RTL-design/src/mips_register.vhd
Note: write to register[0D] = 00460000h
Time: 725 ns  Iteration: 1  Process: /testbench/core/reg32/line__26  File: /home/chanon/comArchProj/MIPS-single-cycle-RTL-design/src/mips_register.vhd
Note: write to register[0D] = 00460000h
Time: 735 ns  Iteration: 1  Process: /testbench/core/reg32/line__26  File: /home/chanon/comArchProj/MIPS-single-cycle-RTL-design/src/mips_register.vhd
Note: write to register[0D] = 00460000h
Time: 745 ns  Iteration: 1  Process: /testbench/core/reg32/line__26  File: /home/chanon/comArchProj/MIPS-single-cycle-RTL-design/src/mips_register.vhd
Note: write to register[0D] = 00460000h
Time: 755 ns  Iteration: 1  Process: /testbench/core/reg32/line__26  File: /home/chanon/comArchProj/MIPS-single-cycle-RTL-design/src/mips_register.vhd
Note: write to register[0D] = 00460000h
Time: 765 ns  Iteration: 1  Process: /testbench/core/reg32/line__26  File: /home/chanon/comArchProj/MIPS-single-cycle-RTL-design/src/mips_register.vhd
Note: write to register[0D] = 00460000h
Time: 775 ns  Iteration: 1  Process: /testbench/core/reg32/line__26  File: /home/chanon/comArchProj/MIPS-single-cycle-RTL-design/src/mips_register.vhd
Note: write to register[0D] = 00460000h
Time: 785 ns  Iteration: 1  Process: /testbench/core/reg32/line__26  File: /home/chanon/comArchProj/MIPS-single-cycle-RTL-design/src/mips_register.vhd
Note: write to register[0D] = 00460000h
Time: 795 ns  Iteration: 1  Process: /testbench/core/reg32/line__26  File: /home/chanon/comArchProj/MIPS-single-cycle-RTL-design/src/mips_register.vhd
Note: write to register[0D] = 00460000h
Time: 805 ns  Iteration: 1  Process: /testbench/core/reg32/line__26  File: /home/chanon/comArchProj/MIPS-single-cycle-RTL-design/src/mips_register.vhd
Note: write to register[0D] = 00460000h
Time: 815 ns  Iteration: 1  Process: /testbench/core/reg32/line__26  File: /home/chanon/comArchProj/MIPS-single-cycle-RTL-design/src/mips_register.vhd
Note: write to register[0D] = 00460000h
Time: 825 ns  Iteration: 1  Process: /testbench/core/reg32/line__26  File: /home/chanon/comArchProj/MIPS-single-cycle-RTL-design/src/mips_register.vhd
Note: write to register[0D] = 00460000h
Time: 835 ns  Iteration: 1  Process: /testbench/core/reg32/line__26  File: /home/chanon/comArchProj/MIPS-single-cycle-RTL-design/src/mips_register.vhd
Note: write to register[0D] = 00460000h
Time: 845 ns  Iteration: 1  Process: /testbench/core/reg32/line__26  File: /home/chanon/comArchProj/MIPS-single-cycle-RTL-design/src/mips_register.vhd
Note: write to register[0D] = 00460000h
Time: 855 ns  Iteration: 1  Process: /testbench/core/reg32/line__26  File: /home/chanon/comArchProj/MIPS-single-cycle-RTL-design/src/mips_register.vhd
Note: write to register[0D] = 00460000h
Time: 865 ns  Iteration: 1  Process: /testbench/core/reg32/line__26  File: /home/chanon/comArchProj/MIPS-single-cycle-RTL-design/src/mips_register.vhd
Note: write to register[0D] = 00460000h
Time: 875 ns  Iteration: 1  Process: /testbench/core/reg32/line__26  File: /home/chanon/comArchProj/MIPS-single-cycle-RTL-design/src/mips_register.vhd
Note: write to register[0D] = 00460000h
Time: 885 ns  Iteration: 1  Process: /testbench/core/reg32/line__26  File: /home/chanon/comArchProj/MIPS-single-cycle-RTL-design/src/mips_register.vhd
